  AdminForm.cpp
  AdminFormLogIn.cpp
  Admin_class.cpp
  AllOffers.cpp
  AllRestaurants.cpp
  Appetizers.cpp
  Bill.cpp
  Convert_strings.cpp
  Customer.cpp
  Customer_Opinion.cpp
  Delivery_Boy.cpp
  Desserts.cpp
  Drinks.cpp
  Food.cpp
  FoodsName.cpp
  Global.cpp
  Home.cpp
  MainMeal.cpp
  MyBills.cpp
  Order.cpp
  Generating Code...
  Compiling...
  OrderFood.cpp
  pairr.cpp
  Person.cpp
  Profile.cpp
  Restraunt.cpp
  ShowRestaurants.cpp
  SideDishes.cpp
  SignIn.cpp
  SignUp.cpp
  User.cpp
  Generating Code...
  .NETFramework,Version=v4.5.2.AssemblyAttributes.cpp
  Otlob.vcxproj -> E:\Project\O7A\OtlobV2\Debug\Otlob.exe
  Otlob.vcxproj -> E:\Project\O7A\OtlobV2\Debug\Otlob.pdb (Full PDB)
