c:\users\kamal saad\desktop\otlob\otlob\debug\vc140.pdb
c:\users\kamal saad\desktop\otlob\otlob\debug\user.obj
c:\users\kamal saad\desktop\otlob\otlob\debug\foodsname.obj
c:\users\kamal saad\desktop\otlob\otlob\debug\person.obj
c:\users\kamal saad\desktop\otlob\otlob\debug\admin.obj
c:\users\kamal saad\desktop\otlob\otlob\debug\.netframework,version=v4.5.2.assemblyattributes.obj
c:\users\kamal saad\desktop\otlob\otlob\debug\.netframework,version=v4.5.2.assemblyattributes.asm
c:\users\kamal saad\desktop\otlob\otlob\debug\customer.obj
c:\users\kamal saad\desktop\otlob\otlob\debug\restraunt.obj
c:\users\kamal saad\desktop\otlob\otlob\debug\delivery_boy.obj
c:\users\kamal saad\desktop\otlob\otlob\debug\food.obj
c:\users\kamal saad\desktop\otlob\otlob\debug\appetizers.obj
c:\users\kamal saad\desktop\otlob\otlob\debug\desserts.obj
c:\users\kamal saad\desktop\otlob\otlob\debug\signup.obj
c:\users\kamal saad\desktop\otlob\otlob\debug\signin.obj
c:\users\kamal saad\desktop\otlob\otlob\debug\showrestaurants.obj
c:\users\kamal saad\desktop\otlob\otlob\debug\profile.obj
c:\users\kamal saad\desktop\otlob\otlob\debug\orderfood.obj
c:\users\kamal saad\desktop\otlob\otlob\debug\mybills.obj
c:\users\kamal saad\desktop\otlob\otlob\debug\home.obj
c:\users\kamal saad\desktop\otlob\otlob\debug\bill.obj
c:\users\kamal saad\desktop\otlob\otlob\debug\allrestaurants.obj
c:\users\kamal saad\desktop\otlob\otlob\debug\alloffers.obj
c:\users\kamal saad\desktop\otlob\otlob\debug\adminformlogin.obj
c:\users\kamal saad\desktop\otlob\otlob\debug\adminform.obj
c:\users\kamal saad\desktop\otlob\otlob\debug\global.obj
c:\users\kamal saad\desktop\otlob\otlob\debug\sidedishes.obj
c:\users\kamal saad\desktop\otlob\otlob\debug\mainmeal.obj
c:\users\kamal saad\desktop\otlob\otlob\debug\drinks.obj
c:\users\kamal saad\desktop\otlob\otlob\debug\customer_opinion.obj
c:\users\kamal saad\desktop\otlob\otlob\debug\pairr.obj
c:\users\kamal saad\desktop\otlob\otlob\debug\order.obj
c:\users\kamal saad\desktop\otlob\otlob\debug\admin_class.obj
c:\users\kamal saad\desktop\otlob\otlob\debug\convert_strings.obj
c:\users\kamal saad\desktop\otlob\otlob\debug\otlob.tlog\metagen.write.1.tlog
c:\users\kamal saad\desktop\otlob\otlob\debug\otlob.adminform.resources
c:\users\kamal saad\desktop\otlob\otlob\debug\otlob.adminformlogin.resources
c:\users\kamal saad\desktop\otlob\otlob\debug\otlob.alloffers.resources
c:\users\kamal saad\desktop\otlob\otlob\debug\otlob.allrestaurants.resources
c:\users\kamal saad\desktop\otlob\otlob\debug\otlob.bill.resources
c:\users\kamal saad\desktop\otlob\otlob\debug\otlob.foodsname.resources
c:\users\kamal saad\desktop\otlob\otlob\debug\otlob.home.resources
c:\users\kamal saad\desktop\otlob\otlob\debug\otlob.mybills.resources
c:\users\kamal saad\desktop\otlob\otlob\debug\otlob.orderfood.resources
c:\users\kamal saad\desktop\otlob\otlob\debug\otlob.profile.resources
c:\users\kamal saad\desktop\otlob\otlob\debug\otlob.showrestaurants.resources
c:\users\kamal saad\desktop\otlob\otlob\debug\otlob.signin.resources
c:\users\kamal saad\desktop\otlob\otlob\debug\otlob.signup.resources
c:\users\kamal saad\desktop\otlob\otlob\debug\otlob.vcxproj.generateresource.cache
c:\users\kamal saad\desktop\otlob\otlob\debug\otlob.vcxprojresolveassemblyreference.cache
c:\users\kamal saad\desktop\otlob\debug\otlob.pdb
c:\users\kamal saad\desktop\otlob\otlob\debug\otlob.tlog\cl.command.1.tlog
c:\users\kamal saad\desktop\otlob\otlob\debug\otlob.tlog\cl.read.1.tlog
c:\users\kamal saad\desktop\otlob\otlob\debug\otlob.tlog\cl.write.1.tlog
c:\users\kamal saad\desktop\otlob\otlob\debug\otlob.tlog\link.4100-cvtres.read.1.tlog
c:\users\kamal saad\desktop\otlob\otlob\debug\otlob.tlog\link.4100-cvtres.write.1.tlog
c:\users\kamal saad\desktop\otlob\otlob\debug\otlob.tlog\link.4100-rc.read.1.tlog
c:\users\kamal saad\desktop\otlob\otlob\debug\otlob.tlog\link.4100-rc.write.1.tlog
c:\users\kamal saad\desktop\otlob\otlob\debug\otlob.tlog\link.4100.read.1.tlog
c:\users\kamal saad\desktop\otlob\otlob\debug\otlob.tlog\link.4100.write.1.tlog
c:\users\kamal saad\desktop\otlob\otlob\debug\otlob.tlog\link.7228-cvtres.read.1.tlog
c:\users\kamal saad\desktop\otlob\otlob\debug\otlob.tlog\link.7228-cvtres.write.1.tlog
c:\users\kamal saad\desktop\otlob\otlob\debug\otlob.tlog\link.7228-rc.read.1.tlog
c:\users\kamal saad\desktop\otlob\otlob\debug\otlob.tlog\link.7228-rc.write.1.tlog
c:\users\kamal saad\desktop\otlob\otlob\debug\otlob.tlog\link.7228.read.1.tlog
c:\users\kamal saad\desktop\otlob\otlob\debug\otlob.tlog\link.7228.write.1.tlog
c:\users\kamal saad\desktop\otlob\otlob\debug\otlob.tlog\link.8592-cvtres.read.1.tlog
c:\users\kamal saad\desktop\otlob\otlob\debug\otlob.tlog\link.8592-cvtres.write.1.tlog
c:\users\kamal saad\desktop\otlob\otlob\debug\otlob.tlog\link.8592-rc.read.1.tlog
c:\users\kamal saad\desktop\otlob\otlob\debug\otlob.tlog\link.8592-rc.write.1.tlog
c:\users\kamal saad\desktop\otlob\otlob\debug\otlob.tlog\link.8592.read.1.tlog
c:\users\kamal saad\desktop\otlob\otlob\debug\otlob.tlog\link.8592.write.1.tlog
c:\users\kamal saad\desktop\otlob\otlob\debug\otlob.tlog\link.command.1.tlog
c:\users\kamal saad\desktop\otlob\otlob\debug\otlob.tlog\link.read.1.tlog
c:\users\kamal saad\desktop\otlob\otlob\debug\otlob.tlog\link.write.1.tlog
c:\users\kamal saad\desktop\otlob\otlob\debug\otlob.tlog\metagen.read.1.tlog
c:\users\kamal saad\desktop\otlob\otlob\debug\otlob.tlog\otlob.write.1u.tlog
c:\users\kamal saad\desktop\otlob\otlob\debug\otlob.tlog\bunifu_ui_v1.52.dll.metagen
c:\users\kamal saad\desktop\otlob\otlob\debug\otlob.tlog\tzres.dll.bi
